============================================================
SAVE-N-BITE BACKEND - INTEGRATION TEST REPORT
============================================================
Generated: 2025-09-27 22:37:30

TEST RESULTS SUMMARY
------------------------------
Total Test Suites: 3
Passed: 0
Failed: 3

DETAILED RESULTS
--------------------
Integration: ✗ FAILED (0.10s)
End-to-End: ✗ FAILED (0.00s)
Non-Functional Requirements: ✗ FAILED (0.00s)

PERFORMANCE METRICS
--------------------
Performance Metrics Report
==============================

Integration_execution_time:
  Average: 102.90 ms
  Maximum: 102.90 ms
  Minimum: 102.90 ms
  Samples: 1

End-to-End_execution_time:
  Average: 0.02 ms
  Maximum: 0.02 ms
  Minimum: 0.02 ms
  Samples: 1

Non-Functional Requirements_execution_time:
  Average: 0.02 ms
  Maximum: 0.02 ms
  Minimum: 0.02 ms
  Samples: 1


NON-FUNCTIONAL REQUIREMENTS STATUS
----------------------------------------
✗ Some Non-Functional Requirements tests failed
  Please review the detailed test output above

RECOMMENDATIONS
---------------
⚠ Some test suites failed - review and fix before deployment
⚠ Check detailed error messages above
⚠ Ensure all non-functional requirements are addressed

============================================================