============================================================
SAVE-N-BITE BACKEND - INTEGRATION TEST REPORT
============================================================
Generated: 2025-09-28 05:48:58

TEST RESULTS SUMMARY
------------------------------
Total Test Suites: 3
Passed: 0
Failed: 3

DETAILED RESULTS
--------------------
Integration: ✗ FAILED (30.49s)
End-to-End: ✗ FAILED (29.15s)
Non-Functional Requirements: ✗ FAILED (11.98s)

PERFORMANCE METRICS
--------------------
Performance Metrics Report
==============================

Integration_execution_time:
  Average: 30486.55 ms
  Maximum: 30486.55 ms
  Minimum: 30486.55 ms
  Samples: 1

End-to-End_execution_time:
  Average: 29149.30 ms
  Maximum: 29149.30 ms
  Minimum: 29149.30 ms
  Samples: 1

Non-Functional Requirements_execution_time:
  Average: 11983.26 ms
  Maximum: 11983.26 ms
  Minimum: 11983.26 ms
  Samples: 1


NON-FUNCTIONAL REQUIREMENTS STATUS
----------------------------------------
✗ Some Non-Functional Requirements tests failed
  Please review the detailed test output above

RECOMMENDATIONS
---------------
⚠ Some test suites failed - review and fix before deployment
⚠ Check detailed error messages above
⚠ Ensure all non-functional requirements are addressed

============================================================